* using log directory ‘/Users/amarkos/catdist_package/catdist.Rcheck’
* using R version 4.2.1 (2022-06-23)
* using platform: x86_64-apple-darwin17.0 (64-bit)
* using session charset: UTF-8
* checking for file ‘catdist/DESCRIPTION’ ... OK
* checking extension type ... Package
* this is package ‘catdist’ version ‘0.1.0’
* package encoding: UTF-8
* checking package namespace information ... OK
* checking package dependencies ... OK
* checking if this is a source package ... OK
* checking if there is a namespace ... OK
* checking for executable files ... OK
* checking for hidden files and directories ... OK
* checking for portable file names ... OK
* checking for sufficient/correct file permissions ... OK
* checking whether package ‘catdist’ can be installed ... ERROR
Installation failed.
See ‘/Users/amarkos/catdist_package/catdist.Rcheck/00install.out’ for details.
* DONE
Status: 1 ERROR
